#
# There is insufficient memory for the Java Runtime Environment to continue.
# Native memory allocation (malloc) failed to allocate 262096 bytes for Chunk::new
# Possible reasons:
#   The system is out of physical RAM or swap space
#   In 32 bit mode, the process size limit was hit
# Possible solutions:
#   Reduce memory load on the system
#   Increase physical memory or swap space
#   Check if swap backing store is full
#   Use 64 bit Java on a 64 bit OS
#   Decrease Java heap size (-Xmx/-Xms)
#   Decrease number of Java threads
#   Decrease Java thread stack sizes (-Xss)
#   Set larger code cache with -XX:ReservedCodeCacheSize=
# This output file may be truncated or incomplete.
#
#  Out of Memory Error (allocation.cpp:328), pid=4812, tid=1964
#
# JRE version: 7.0_04-b22
# Java VM: Java HotSpot(TM) 64-Bit Server VM (23.0-b21 mixed mode windows-amd64 compressed oops)
# Failed to write core dump. Minidumps are not enabled by default on client versions of Windows
#

---------------  T H R E A D  ---------------

Current thread (0x0000000008a62000):  JavaThread "C2 CompilerThread0" daemon [_thread_in_native, id=1964, stack(0x000000000a000000,0x000000000a100000)]

Stack: [0x000000000a000000,0x000000000a100000]

Current CompileTask:
C2:  13250  599             sun.security.provider.SHA::implCompress (491 bytes)


---------------  P R O C E S S  ---------------

Java Threads: ( => current thread )
  0x000000000a58b000 JavaThread "pool-1-thread-1" [_thread_in_vm, id=12544, stack(0x000000000c4d0000,0x000000000c5d0000)]
  0x0000000008a70800 JavaThread "Service Thread" daemon [_thread_blocked, id=11592, stack(0x000000000a200000,0x000000000a300000)]
  0x0000000008a6c000 JavaThread "C2 CompilerThread1" daemon [_thread_blocked, id=6684, stack(0x000000000a100000,0x000000000a200000)]
=>0x0000000008a62000 JavaThread "C2 CompilerThread0" daemon [_thread_in_native, id=1964, stack(0x000000000a000000,0x000000000a100000)]
  0x0000000008a61000 JavaThread "Attach Listener" daemon [_thread_blocked, id=13280, stack(0x0000000009f00000,0x000000000a000000)]
  0x0000000008a5d800 JavaThread "Signal Dispatcher" daemon [_thread_blocked, id=5180, stack(0x0000000009e00000,0x0000000009f00000)]
  0x00000000089d7800 JavaThread "Finalizer" daemon [_thread_blocked, id=11988, stack(0x0000000009d00000,0x0000000009e00000)]
  0x00000000089ce800 JavaThread "Reference Handler" daemon [_thread_blocked, id=12008, stack(0x0000000009c00000,0x0000000009d00000)]
  0x0000000002470800 JavaThread "main" [_thread_blocked, id=7324, stack(0x0000000002370000,0x0000000002470000)]

Other Threads:
  0x00000000089c7000 VMThread [stack: 0x0000000009b00000,0x0000000009c00000] [id=32]
  0x0000000008a81800 WatcherThread [stack: 0x000000000a300000,0x000000000a400000] [id=312]

VM state:not at safepoint (normal execution)

VM Mutex/Monitor currently owned by a thread: None

Heap
 PSYoungGen      total 69824K, used 7362K [0x00000000eaab0000, 0x00000000f3310000, 0x0000000000000000)
  eden space 64512K, 3% used [0x00000000eaab0000,0x00000000eacb89e8,0x00000000ee9b0000)
  from space 5312K, 99% used [0x00000000ee9b0000,0x00000000eeed8028,0x00000000eeee0000)
  to   space 5312K, 0% used [0x00000000f2de0000,0x00000000f2de0000,0x00000000f3310000)
 ParOldGen       total 85760K, used 11071K [0x00000000c0000000, 0x00000000c53c0000, 0x00000000eaab0000)
  object space 85760K, 12% used [0x00000000c0000000,0x00000000c0acfed8,0x00000000c53c0000)
 PSPermGen       total 21248K, used 6578K [0x00000000bae00000, 0x00000000bc2c0000, 0x00000000c0000000)
  object space 21248K, 30% used [0x00000000bae00000,0x00000000bb46caf0,0x00000000bc2c0000)

Code Cache  [0x0000000002570000, 0x00000000027e0000, 0x0000000005570000)
 total_blobs=832 nmethods=591 adapters=192 free_code_cache=47036Kb largest_free_block=48064320

Compilation events (10 events):
Event: 13.102 Thread 0x0000000008a6c000 nmethod 593 0x00000000026ad710 code [0x00000000026ad840, 0x00000000026ad8d8]
Event: 13.105 Thread 0x0000000008a62000  595             com.android.dx.dex.file.OffsettedItem::getAlignment (5 bytes)
Event: 13.105 Thread 0x0000000008a62000 nmethod 595 0x000000000274bb90 code [0x000000000274bcc0, 0x000000000274bd18]
Event: 13.112 Thread 0x0000000008a6c000  596             com.android.dx.dex.code.FixedSizeInsn::writeTo (13 bytes)
Event: 13.112 Thread 0x0000000008a62000  597             com.android.dx.dex.code.InsnFormat::opcodeUnit (54 bytes)
Event: 13.112 Thread 0x0000000008a6c000 nmethod 596 0x00000000026ad450 code [0x00000000026ad5a0, 0x00000000026ad638]
Event: 13.113 Thread 0x0000000008a62000 nmethod 597 0x00000000026ad190 code [0x00000000026ad2c0, 0x00000000026ad358]
Event: 13.199 Thread 0x0000000008a6c000  598             java.util.Properties$LineReader::readLine (452 bytes)
Event: 13.218 Thread 0x0000000008a6c000 nmethod 598 0x000000000274d510 code [0x000000000274d6a0, 0x000000000274de78]
Event: 13.219 Thread 0x0000000008a62000  599             sun.security.provider.SHA::implCompress (491 bytes)

GC Heap History (6 events):
Event: 2.145 GC heap before
{Heap before GC invocations=1 (full 0):
 PSYoungGen      total 37568K, used 32256K [0x00000000eaab0000, 0x00000000ed490000, 0x0000000000000000)
  eden space 32256K, 100% used [0x00000000eaab0000,0x00000000eca30000,0x00000000eca30000)
  from space 5312K, 0% used [0x00000000ecf60000,0x00000000ecf60000,0x00000000ed490000)
  to   space 5312K, 0% used [0x00000000eca30000,0x00000000eca30000,0x00000000ecf60000)
 ParOldGen       total 85760K, used 0K [0x00000000c0000000, 0x00000000c53c0000, 0x00000000eaab0000)
  object space 85760K, 0% used [0x00000000c0000000,0x00000000c0000000,0x00000000c53c0000)
 PSPermGen       total 21248K, used 5853K [0x00000000bae00000, 0x00000000bc2c0000, 0x00000000c0000000)
  object space 21248K, 27% used [0x00000000bae00000,0x00000000bb3b74e8,0x00000000bc2c0000)
Event: 2.319 GC heap after
Heap after GC invocations=1 (full 0):
 PSYoungGen      total 37568K, used 5291K [0x00000000eaab0000, 0x00000000ef410000, 0x0000000000000000)
  eden space 32256K, 0% used [0x00000000eaab0000,0x00000000eaab0000,0x00000000eca30000)
  from space 5312K, 99% used [0x00000000eca30000,0x00000000ecf5ae70,0x00000000ecf60000)
  to   space 5312K, 0% used [0x00000000eeee0000,0x00000000eeee0000,0x00000000ef410000)
 ParOldGen       total 85760K, used 784K [0x00000000c0000000, 0x00000000c53c0000, 0x00000000eaab0000)
  object space 85760K, 0% used [0x00000000c0000000,0x00000000c00c40f0,0x00000000c53c0000)
 PSPermGen       total 21248K, used 5853K [0x00000000bae00000, 0x00000000bc2c0000, 0x00000000c0000000)
  object space 21248K, 27% used [0x00000000bae00000,0x00000000bb3b74e8,0x00000000bc2c0000)
}
Event: 3.980 GC heap before
{Heap before GC invocations=2 (full 0):
 PSYoungGen      total 37568K, used 37547K [0x00000000eaab0000, 0x00000000ef410000, 0x0000000000000000)
  eden space 32256K, 100% used [0x00000000eaab0000,0x00000000eca30000,0x00000000eca30000)
  from space 5312K, 99% used [0x00000000eca30000,0x00000000ecf5ae70,0x00000000ecf60000)
  to   space 5312K, 0% used [0x00000000eeee0000,0x00000000eeee0000,0x00000000ef410000)
 ParOldGen       total 85760K, used 784K [0x00000000c0000000, 0x00000000c53c0000, 0x00000000eaab0000)
  object space 85760K, 0% used [0x00000000c0000000,0x00000000c00c40f0,0x00000000c53c0000)
 PSPermGen       total 21248K, used 6012K [0x00000000bae00000, 0x00000000bc2c0000, 0x00000000c0000000)
  object space 21248K, 28% used [0x00000000bae00000,0x00000000bb3df210,0x00000000bc2c0000)
Event: 3.993 GC heap after
Heap after GC invocations=2 (full 0):
 PSYoungGen      total 69824K, used 5295K [0x00000000eaab0000, 0x00000000ef410000, 0x0000000000000000)
  eden space 64512K, 0% used [0x00000000eaab0000,0x00000000eaab0000,0x00000000ee9b0000)
  from space 5312K, 99% used [0x00000000eeee0000,0x00000000ef40bc98,0x00000000ef410000)
  to   space 5312K, 0% used [0x00000000ee9b0000,0x00000000ee9b0000,0x00000000eeee0000)
 ParOldGen       total 85760K, used 4540K [0x00000000c0000000, 0x00000000c53c0000, 0x00000000eaab0000)
  object space 85760K, 5% used [0x00000000c0000000,0x00000000c046f068,0x00000000c53c0000)
 PSPermGen       total 21248K, used 6012K [0x00000000bae00000, 0x00000000bc2c0000, 0x00000000c0000000)
  object space 21248K, 28% used [0x00000000bae00000,0x00000000bb3df210,0x00000000bc2c0000)
}
Event: 12.128 GC heap before
{Heap before GC invocations=3 (full 0):
 PSYoungGen      total 69824K, used 69807K [0x00000000eaab0000, 0x00000000ef410000, 0x0000000000000000)
  eden space 64512K, 100% used [0x00000000eaab0000,0x00000000ee9b0000,0x00000000ee9b0000)
  from space 5312K, 99% used [0x00000000eeee0000,0x00000000ef40bc98,0x00000000ef410000)
  to   space 5312K, 0% used [0x00000000ee9b0000,0x00000000ee9b0000,0x00000000eeee0000)
 ParOldGen       total 85760K, used 4540K [0x00000000c0000000, 0x00000000c53c0000, 0x00000000eaab0000)
  object space 85760K, 5% used [0x00000000c0000000,0x00000000c046f068,0x00000000c53c0000)
 PSPermGen       total 21248K, used 6304K [0x00000000bae00000, 0x00000000bc2c0000, 0x00000000c0000000)
  object space 21248K, 29% used [0x00000000bae00000,0x00000000bb428340,0x00000000bc2c0000)
Event: 12.397 GC heap after
Heap after GC invocations=3 (full 0):
 PSYoungGen      total 69824K, used 5280K [0x00000000eaab0000, 0x00000000f3310000, 0x0000000000000000)
  eden space 64512K, 0% used [0x00000000eaab0000,0x00000000eaab0000,0x00000000ee9b0000)
  from space 5312K, 99% used [0x00000000ee9b0000,0x00000000eeed8028,0x00000000eeee0000)
  to   space 5312K, 0% used [0x00000000f2de0000,0x00000000f2de0000,0x00000000f3310000)
 ParOldGen       total 85760K, used 11071K [0x00000000c0000000, 0x00000000c53c0000, 0x00000000eaab0000)
  object space 85760K, 12% used [0x00000000c0000000,0x00000000c0acfed8,0x00000000c53c0000)
 PSPermGen       total 21248K, used 6304K [0x00000000bae00000, 0x00000000bc2c0000, 0x00000000c0000000)
  object space 21248K, 29% used [0x00000000bae00000,0x00000000bb428340,0x00000000bc2c0000)
}

Deoptimization events (10 events):
Event: 6.169 Thread 0x000000000a58b000 Uncommon trap -34 fr.pc 0x0000000002621aec
Event: 10.856 Thread 0x000000000a58b000 Uncommon trap -83 fr.pc 0x000000000279020c
Event: 10.857 Thread 0x000000000a58b000 Uncommon trap -34 fr.pc 0x00000000027924c4
Event: 10.858 Thread 0x000000000a58b000 Uncommon trap -34 fr.pc 0x00000000027924c4
Event: 13.204 Thread 0x000000000a58b000 Uncommon trap -83 fr.pc 0x0000000002615b64
Event: 13.206 Thread 0x000000000a58b000 Uncommon trap -34 fr.pc 0x0000000002647aa0
Event: 13.206 Thread 0x000000000a58b000 Uncommon trap -34 fr.pc 0x0000000002753c2c
Event: 13.206 Thread 0x000000000a58b000 Uncommon trap -34 fr.pc 0x0000000002753c2c
Event: 13.207 Thread 0x000000000a58b000 Uncommon trap -34 fr.pc 0x0000000002647aa0
Event: 13.209 Thread 0x000000000a58b000 Uncommon trap -83 fr.pc 0x0000000002698694

Internal exceptions (10 events):
Event: 8.362 Thread 0x000000000a58b000 Threw 0x00000000ee536ba0 at C:\jdk7u2_64p\jdk7u4\hotspot\src\share\vm\prims\jvm.cpp:1166
Event: 8.363 Thread 0x000000000a58b000 Threw 0x00000000ee539bf0 at C:\jdk7u2_64p\jdk7u4\hotspot\src\share\vm\prims\jvm.cpp:1166
Event: 9.288 Thread 0x000000000a58b000 Threw 0x00000000ee5634b0 at C:\jdk7u2_64p\jdk7u4\hotspot\src\share\vm\prims\jvm.cpp:1166
Event: 11.336 Thread 0x000000000a58b000 Threw 0x00000000ee7feac0 at C:\jdk7u2_64p\jdk7u4\hotspot\src\share\vm\prims\jvm.cpp:1166
Event: 11.340 Thread 0x000000000a58b000 Threw 0x00000000ee80db90 at C:\jdk7u2_64p\jdk7u4\hotspot\src\share\vm\prims\jvm.cpp:1166
Event: 11.341 Thread 0x000000000a58b000 Threw 0x00000000ee810450 at C:\jdk7u2_64p\jdk7u4\hotspot\src\share\vm\prims\jvm.cpp:1166
Event: 12.416 Thread 0x000000000a58b000 Threw 0x00000000eab710e8 at C:\jdk7u2_64p\jdk7u4\hotspot\src\share\vm\prims\jvm.cpp:1166
Event: 12.469 Thread 0x000000000a58b000 Threw 0x00000000eac27388 at C:\jdk7u2_64p\jdk7u4\hotspot\src\share\vm\prims\jvm.cpp:1166
Event: 12.638 Thread 0x000000000a58b000 Threw 0x00000000eac2d310 at C:\jdk7u2_64p\jdk7u4\hotspot\src\share\vm\prims\jvm.cpp:1166
Event: 13.134 Thread 0x000000000a58b000 Threw 0x00000000eac32ef8 at C:\jdk7u2_64p\jdk7u4\hotspot\src\share\vm\prims\jvm.cpp:1166

Events (10 events):
Event: 13.215 loading class 0x000000000b9bf550
Event: 13.216 loading class 0x000000000af1fb10
Event: 13.217 loading class 0x000000000af1fb10 done
Event: 13.217 loading class 0x000000000b9bf550 done
Event: 13.217 loading class 0x000000000af1e250
Event: 13.217 loading class 0x000000000af1e250 done
Event: 13.217 loading class 0x000000000af1d950
Event: 13.217 loading class 0x000000000af1d950 done
Event: 13.217 loading class 0x000000000af200d0
Event: 13.217 loading class 0x000000000af200d0 done


Dynamic libraries:
0x0000000079430000 - 0x0000000079463000 	C:\Program Files\Java\jdk1.7.0_04\bin\java.exe
0x00000000064b0000 - 0x0000000006671000 	C:\WINDOWS\SYSTEM32\ntdll.dll
0x0000000006310000 - 0x00000000063bd000 	C:\WINDOWS\system32\KERNEL32.DLL
0x0000000002cd0000 - 0x0000000002eb8000 	C:\WINDOWS\system32\KERNELBASE.dll
0x0000000003910000 - 0x00000000039b7000 	C:\WINDOWS\system32\ADVAPI32.dll
0x0000000003710000 - 0x00000000037ad000 	C:\WINDOWS\system32\msvcrt.dll
0x0000000004400000 - 0x000000000445b000 	C:\WINDOWS\system32\sechost.dll
0x0000000004270000 - 0x000000000438c000 	C:\WINDOWS\system32\RPCRT4.dll
0x00000000037b0000 - 0x0000000003906000 	C:\WINDOWS\system32\USER32.dll
0x0000000006180000 - 0x0000000006306000 	C:\WINDOWS\system32\GDI32.dll
0x00000000ff640000 - 0x00000000ff8b4000 	C:\WINDOWS\WinSxS\amd64_microsoft.windows.common-controls_6595b64144ccf1df_6.0.10586.0_none_8c15ae12515e1c22\COMCTL32.dll
0x0000000005d30000 - 0x0000000005fad000 	C:\WINDOWS\system32\combase.dll
0x0000000002910000 - 0x000000000297a000 	C:\WINDOWS\system32\bcryptPrimitives.dll
0x0000000006470000 - 0x00000000064ab000 	C:\WINDOWS\system32\IMM32.DLL
0x0000000058fd0000 - 0x00000000590a1000 	C:\Program Files\Java\jdk1.7.0_04\jre\bin\msvcr100.dll
0x00000000588b0000 - 0x0000000058fca000 	C:\Program Files\Java\jdk1.7.0_04\jre\bin\server\jvm.dll
0x0000000002980000 - 0x00000000029a3000 	C:\WINDOWS\system32\WINMM.dll
0x00000000028a0000 - 0x00000000028cc000 	C:\WINDOWS\system32\WINMMBASE.dll
0x00000000036a0000 - 0x00000000036e3000 	C:\WINDOWS\system32\cfgmgr32.dll
0x00000000036f0000 - 0x00000000036f8000 	C:\WINDOWS\system32\PSAPI.DLL
0x00000000ff5e0000 - 0x00000000ff5e9000 	C:\WINDOWS\SYSTEM32\WSOCK32.dll
0x0000000003ae0000 - 0x0000000003b4b000 	C:\WINDOWS\system32\WS2_32.dll
0x00000000588a0000 - 0x00000000588af000 	C:\Program Files\Java\jdk1.7.0_04\jre\bin\verify.dll
0x0000000058870000 - 0x0000000058898000 	C:\Program Files\Java\jdk1.7.0_04\jre\bin\java.dll
0x0000000058850000 - 0x0000000058865000 	C:\Program Files\Java\jdk1.7.0_04\jre\bin\zip.dll
0x0000000058800000 - 0x0000000058819000 	C:\Program Files\Java\jdk1.7.0_04\jre\bin\net.dll
0x0000000002170000 - 0x00000000021cc000 	C:\WINDOWS\system32\mswsock.dll
0x00000000587e0000 - 0x00000000587f1000 	C:\Program Files\Java\jdk1.7.0_04\jre\bin\nio.dll

VM Arguments:
jvm_args: -Djava.awt.headless=true -Xmx1024M -Dfile.encoding=GBK -Duser.country=CN -Duser.language=zh -Duser.variant 
java_command: com.android.dx.command.Main --dex --force-jumbo --num-threads=4 --multi-dex --output G:\android\mobilesafe\app\build\intermediates\transforms\dex\debug\folders\1000\10\internal_impl-23.3.0_635e3e923ad8ee64b0f9239e9ad9ad4a943342f1 G:\android\mobilesafe\app\build\intermediates\exploded-aar\com.android.support\support-v4\23.3.0\jars\libs\internal_impl-23.3.0.jar
Launcher Type: SUN_STANDARD

Environment Variables:
JAVA_HOME=C:\Program Files\Java\jdk1.8.0_73
CLASSPATH=.;C:\Program Files\Java\jdk1.8.0_73\lib;C:\Program Files\Java\jdk1.8.0_73\lib\tools.jar
PATH=C:\ProgramData\Oracle\Java\javapath;D:\app\Administrator\product\12.1.0\dbhome_1\bin;D:\app\csx\product\12.1.0\dbhome_2\bin;D:\app\CSX\product\12.1.0\dbhome_1\bin;C:\WINDOWS\system32;C:\WINDOWS;C:\WINDOWS\System32\Wbem;C:\WINDOWS\System32\WindowsPowerShell\v1.0\;C:\Program Files (x86)\NVIDIA Corporation\PhysX\Common;C:\Program Files\Java\jdk1.8.0_73\bin;C:\Program Files\Java\jdk1.8.0_73\jre\bin;D:\mysql-5.6.27-winx64\bin;D:\apache-ant-1.9.6-bin\apache-ant-1.9.6\bin;C:\WINDOWS\system32;C:\WINDOWS;C:\WINDOWS\System32\Wbem;C:\WINDOWS\System32\WindowsPowerShell\v1.0\;D:\sdk\android-sdk_r24.3.4-windows\android-sdk-windows\platform-tools;C:\Program Files\Microsoft SQL Server\120\Tools\Binn\;C:\Program Files\VisualSVN Server\bin;C:\Program Files\TortoiseSVN\bin;D:\TortoiseGit\bin;G:\¿ª·¢°ü\android-ndk-r10e;U;ERPROFILE\.dnx\bin;C:\Program Files\Microsoft DNX\Dnvm\;H:\amp\php;H:\amp\apache\bin;C:\Program Files (x86)\Skype\Phone\;D:\Git\bin;D:\eclipse-che-4.0.0-RC13\tools\jre\bin;C:\Program Files\Docker Toolbox;D:\rationalrose\Common;D:\apache-maven-3.2.1\bin;D:\UltraEdit-32
USERNAME=Administrator
OS=Windows_NT
PROCESSOR_IDENTIFIER=Intel64 Family 6 Model 58 Stepping 9, GenuineIntel



---------------  S Y S T E M  ---------------

OS: Windows NT 6.2 Build 9200 

CPU:total 4 (2 cores per cpu, 2 threads per core) family 6 model 58 stepping 9, cmov, cx8, fxsr, mmx, sse, sse2, sse3, ssse3, sse4.1, sse4.2, popcnt, avx, ht, tsc, tscinvbit, tscinv

Memory: 4k page, physical 8232356k(1546916k free), swap 11378084k(5648k free)

vm_info: Java HotSpot(TM) 64-Bit Server VM (23.0-b21) for windows-amd64 JRE (1.7.0_04-b22), built on May  2 2012 23:28:26 by "java_re" with unknown MS VC++:1600

time: Tue Apr 26 21:30:54 2016
elapsed time: 13 seconds

