#
# There is insufficient memory for the Java Runtime Environment to continue.
# Native memory allocation (malloc) failed to allocate 1343616 bytes for Chunk::new
# Possible reasons:
#   The system is out of physical RAM or swap space
#   In 32 bit mode, the process size limit was hit
# Possible solutions:
#   Reduce memory load on the system
#   Increase physical memory or swap space
#   Check if swap backing store is full
#   Use 64 bit Java on a 64 bit OS
#   Decrease Java heap size (-Xmx/-Xms)
#   Decrease number of Java threads
#   Decrease Java thread stack sizes (-Xss)
#   Set larger code cache with -XX:ReservedCodeCacheSize=
# This output file may be truncated or incomplete.
#
#  Out of Memory Error (allocation.cpp:328), pid=1172, tid=7112
#
# JRE version: 7.0_04-b22
# Java VM: Java HotSpot(TM) 64-Bit Server VM (23.0-b21 mixed mode windows-amd64 compressed oops)
# Failed to write core dump. Minidumps are not enabled by default on client versions of Windows
#

---------------  T H R E A D  ---------------

Current thread (0x0000000008ba2800):  JavaThread "C2 CompilerThread1" daemon [_thread_in_native, id=7112, stack(0x000000000a250000,0x000000000a350000)]

Stack: [0x000000000a250000,0x000000000a350000]
[error occurred during error reporting (printing stack bounds), id 0xc0000005]


[error occurred during error reporting (printing native stack), id 0xc0000005]


Current CompileTask:
C2:   7660  647   !         com.android.dx.cf.code.BytecodeArray::parseInstruction (2764 bytes)


---------------  P R O C E S S  ---------------

Java Threads: ( => current thread )
  0x000000000a71f800 JavaThread "pool-1-thread-4" [_thread_in_Java, id=12144, stack(0x000000000ad50000,0x000000000ae50000)]
  0x000000000a71e800 JavaThread "pool-1-thread-3" [_thread_in_Java, id=7180, stack(0x000000000ac50000,0x000000000ad50000)]
  0x000000000a6e9800 JavaThread "pool-1-thread-2" [_thread_in_Java, id=9784, stack(0x000000000ab50000,0x000000000ac50000)]
  0x000000000a6e9000 JavaThread "pool-2-thread-1" [_thread_blocked, id=11660, stack(0x000000000aa50000,0x000000000ab50000)]
  0x000000000a6e8000 JavaThread "pool-1-thread-1" [_thread_in_Java, id=7000, stack(0x000000000a950000,0x000000000aa50000)]
  0x0000000008bb7000 JavaThread "Service Thread" daemon [_thread_blocked, id=9280, stack(0x000000000a350000,0x000000000a450000)]
=>0x0000000008ba2800 JavaThread "C2 CompilerThread1" daemon [_thread_in_native, id=7112, stack(0x000000000a250000,0x000000000a350000)]
  0x0000000008ba1000 JavaThread "C2 CompilerThread0" daemon [_thread_in_native, id=9268, stack(0x000000000a150000,0x000000000a250000)]
  0x0000000008ba0000 JavaThread "Attach Listener" daemon [_thread_blocked, id=3296, stack(0x000000000a050000,0x000000000a150000)]
  0x0000000008b79000 JavaThread "Signal Dispatcher" daemon [_thread_blocked, id=5820, stack(0x0000000009f50000,0x000000000a050000)]
  0x0000000008b11000 JavaThread "Finalizer" daemon [_thread_blocked, id=1232, stack(0x0000000009e50000,0x0000000009f50000)]
  0x0000000008b0e000 JavaThread "Reference Handler" daemon [_thread_blocked, id=6924, stack(0x0000000009d50000,0x0000000009e50000)]
  0x0000000002670800 JavaThread "main" [_thread_blocked, id=128, stack(0x0000000002570000,0x0000000002670000)]

Other Threads:
  0x0000000008b06000 VMThread [stack: 0x0000000009c50000,0x0000000009d50000] [id=12016]
  0x0000000008bc4000 WatcherThread [stack: 0x000000000a450000,0x000000000a550000] [id=10800]

VM state:not at safepoint (normal execution)

VM Mutex/Monitor currently owned by a thread: None

Heap
 PSYoungGen      total 55808K, used 23900K [0x00000000eaab0000, 0x00000000f4e70000, 0x0000000000000000)
  eden space 50496K, 36% used [0x00000000eaab0000,0x00000000ebcdc6f8,0x00000000edc00000)
  from space 5312K, 99% used [0x00000000eeee0000,0x00000000ef40a908,0x00000000ef410000)
  to   space 19328K, 0% used [0x00000000edc00000,0x00000000edc00000,0x00000000eeee0000)
 ParOldGen       total 85760K, used 35188K [0x00000000c0000000, 0x00000000c53c0000, 0x00000000eaab0000)
  object space 85760K, 41% used [0x00000000c0000000,0x00000000c225d038,0x00000000c53c0000)
 PSPermGen       total 21248K, used 6145K [0x00000000bae00000, 0x00000000bc2c0000, 0x00000000c0000000)
  object space 21248K, 28% used [0x00000000bae00000,0x00000000bb400648,0x00000000bc2c0000)

Code Cache  [0x0000000002770000, 0x0000000002a20000, 0x0000000005770000)
 total_blobs=891 nmethods=655 adapters=187 free_code_cache=46468Kb largest_free_block=47542336

Compilation events (10 events):
Event: 7.528 Thread 0x0000000008ba1000 nmethod 651 0x00000000029f68d0 code [0x00000000029f6a60, 0x00000000029f7228]
Event: 7.528 Thread 0x0000000008ba1000  652             java.lang.String::startsWith (7 bytes)
Event: 7.530 Thread 0x0000000008ba1000 nmethod 652 0x00000000029f7910 code [0x00000000029f7a40, 0x00000000029f7b38]
Event: 7.530 Thread 0x0000000008ba1000  653             com.android.dx.util.ByteArray::size (5 bytes)
Event: 7.530 Thread 0x0000000008ba1000 nmethod 653 0x00000000029f7710 code [0x00000000029f7840, 0x00000000029f7898]
Event: 7.531 Thread 0x0000000008ba1000  654             com.android.dx.ssa.back.FirstFitLocalCombiningAllocator::handleLocalAssociatedParams (132 bytes)
Event: 7.586 Thread 0x0000000008ba1000 nmethod 654 0x0000000002a14050 code [0x0000000002a14240, 0x0000000002a14bc8]
Event: 7.587 Thread 0x0000000008ba1000  655             com.android.dx.util.MutabilityControl::isMutable (5 bytes)
Event: 7.587 Thread 0x0000000008ba1000 nmethod 655 0x00000000029f66d0 code [0x00000000029f6800, 0x00000000029f6858]
Event: 7.587 Thread 0x0000000008ba1000  656             com.android.dx.cf.direct.StdAttributeFactory::parse0 (532 bytes)

GC Heap History (10 events):
Event: 4.532 GC heap before
{Heap before GC invocations=2 (full 0):
 PSYoungGen      total 37568K, used 37547K [0x00000000eaab0000, 0x00000000ed490000, 0x0000000000000000)
  eden space 32256K, 100% used [0x00000000eaab0000,0x00000000eca30000,0x00000000eca30000)
  from space 5312K, 99% used [0x00000000eca30000,0x00000000ecf5af38,0x00000000ecf60000)
  to   space 5312K, 0% used [0x00000000ecf60000,0x00000000ecf60000,0x00000000ed490000)
 ParOldGen       total 85760K, used 139K [0x00000000c0000000, 0x00000000c53c0000, 0x00000000eaab0000)
  object space 85760K, 0% used [0x00000000c0000000,0x00000000c0022e48,0x00000000c53c0000)
 PSPermGen       total 21248K, used 6012K [0x00000000bae00000, 0x00000000bc2c0000, 0x00000000c0000000)
  object space 21248K, 28% used [0x00000000bae00000,0x00000000bb3df110,0x00000000bc2c0000)
Event: 4.547 GC heap after
Heap after GC invocations=2 (full 0):
 PSYoungGen      total 37568K, used 5299K [0x00000000eaab0000, 0x00000000ef410000, 0x0000000000000000)
  eden space 32256K, 0% used [0x00000000eaab0000,0x00000000eaab0000,0x00000000eca30000)
  from space 5312K, 99% used [0x00000000ecf60000,0x00000000ed48cd28,0x00000000ed490000)
  to   space 5312K, 0% used [0x00000000eca30000,0x00000000eca30000,0x00000000ecf60000)
 ParOldGen       total 85760K, used 3418K [0x00000000c0000000, 0x00000000c53c0000, 0x00000000eaab0000)
  object space 85760K, 3% used [0x00000000c0000000,0x00000000c0356b38,0x00000000c53c0000)
 PSPermGen       total 21248K, used 6012K [0x00000000bae00000, 0x00000000bc2c0000, 0x00000000c0000000)
  object space 21248K, 28% used [0x00000000bae00000,0x00000000bb3df110,0x00000000bc2c0000)
}
Event: 5.231 GC heap before
{Heap before GC invocations=3 (full 0):
 PSYoungGen      total 37568K, used 37555K [0x00000000eaab0000, 0x00000000ef410000, 0x0000000000000000)
  eden space 32256K, 100% used [0x00000000eaab0000,0x00000000eca30000,0x00000000eca30000)
  from space 5312K, 99% used [0x00000000ecf60000,0x00000000ed48cd28,0x00000000ed490000)
  to   space 5312K, 0% used [0x00000000eca30000,0x00000000eca30000,0x00000000ecf60000)
 ParOldGen       total 85760K, used 3418K [0x00000000c0000000, 0x00000000c53c0000, 0x00000000eaab0000)
  object space 85760K, 3% used [0x00000000c0000000,0x00000000c0356b38,0x00000000c53c0000)
 PSPermGen       total 21248K, used 6054K [0x00000000bae00000, 0x00000000bc2c0000, 0x00000000c0000000)
  object space 21248K, 28% used [0x00000000bae00000,0x00000000bb3e9980,0x00000000bc2c0000)
Event: 5.249 GC heap after
Heap after GC invocations=3 (full 0):
 PSYoungGen      total 37568K, used 5289K [0x00000000eaab0000, 0x00000000ef410000, 0x0000000000000000)
  eden space 32256K, 0% used [0x00000000eaab0000,0x00000000eaab0000,0x00000000eca30000)
  from space 5312K, 99% used [0x00000000eca30000,0x00000000ecf5a648,0x00000000ecf60000)
  to   space 5312K, 0% used [0x00000000eeee0000,0x00000000eeee0000,0x00000000ef410000)
 ParOldGen       total 85760K, used 8518K [0x00000000c0000000, 0x00000000c53c0000, 0x00000000eaab0000)
  object space 85760K, 9% used [0x00000000c0000000,0x00000000c0851aa8,0x00000000c53c0000)
 PSPermGen       total 21248K, used 6054K [0x00000000bae00000, 0x00000000bc2c0000, 0x00000000c0000000)
  object space 21248K, 28% used [0x00000000bae00000,0x00000000bb3e9980,0x00000000bc2c0000)
}
Event: 5.956 GC heap before
{Heap before GC invocations=4 (full 0):
 PSYoungGen      total 37568K, used 37545K [0x00000000eaab0000, 0x00000000ef410000, 0x0000000000000000)
  eden space 32256K, 100% used [0x00000000eaab0000,0x00000000eca30000,0x00000000eca30000)
  from space 5312K, 99% used [0x00000000eca30000,0x00000000ecf5a648,0x00000000ecf60000)
  to   space 5312K, 0% used [0x00000000eeee0000,0x00000000eeee0000,0x00000000ef410000)
 ParOldGen       total 85760K, used 8518K [0x00000000c0000000, 0x00000000c53c0000, 0x00000000eaab0000)
  object space 85760K, 9% used [0x00000000c0000000,0x00000000c0851aa8,0x00000000c53c0000)
 PSPermGen       total 21248K, used 6073K [0x00000000bae00000, 0x00000000bc2c0000, 0x00000000c0000000)
  object space 21248K, 28% used [0x00000000bae00000,0x00000000bb3ee488,0x00000000bc2c0000)
Event: 5.982 GC heap after
Heap after GC invocations=4 (full 0):
 PSYoungGen      total 69824K, used 5289K [0x00000000eaab0000, 0x00000000ef410000, 0x0000000000000000)
  eden space 64512K, 0% used [0x00000000eaab0000,0x00000000eaab0000,0x00000000ee9b0000)
  from space 5312K, 99% used [0x00000000eeee0000,0x00000000ef40a738,0x00000000ef410000)
  to   space 5312K, 0% used [0x00000000ee9b0000,0x00000000ee9b0000,0x00000000eeee0000)
 ParOldGen       total 85760K, used 13740K [0x00000000c0000000, 0x00000000c53c0000, 0x00000000eaab0000)
  object space 85760K, 16% used [0x00000000c0000000,0x00000000c0d6b0a8,0x00000000c53c0000)
 PSPermGen       total 21248K, used 6073K [0x00000000bae00000, 0x00000000bc2c0000, 0x00000000c0000000)
  object space 21248K, 28% used [0x00000000bae00000,0x00000000bb3ee488,0x00000000bc2c0000)
}
Event: 6.849 GC heap before
{Heap before GC invocations=5 (full 0):
 PSYoungGen      total 69824K, used 69801K [0x00000000eaab0000, 0x00000000ef410000, 0x0000000000000000)
  eden space 64512K, 100% used [0x00000000eaab0000,0x00000000ee9b0000,0x00000000ee9b0000)
  from space 5312K, 99% used [0x00000000eeee0000,0x00000000ef40a738,0x00000000ef410000)
  to   space 5312K, 0% used [0x00000000ee9b0000,0x00000000ee9b0000,0x00000000eeee0000)
 ParOldGen       total 85760K, used 13740K [0x00000000c0000000, 0x00000000c53c0000, 0x00000000eaab0000)
  object space 85760K, 16% used [0x00000000c0000000,0x00000000c0d6b0a8,0x00000000c53c0000)
 PSPermGen       total 21248K, used 6118K [0x00000000bae00000, 0x00000000bc2c0000, 0x00000000c0000000)
  object space 21248K, 28% used [0x00000000bae00000,0x00000000bb3f9a00,0x00000000bc2c0000)
Event: 6.887 GC heap after
Heap after GC invocations=5 (full 0):
 PSYoungGen      total 69824K, used 5305K [0x00000000eaab0000, 0x00000000ef410000, 0x0000000000000000)
  eden space 64512K, 0% used [0x00000000eaab0000,0x00000000eaab0000,0x00000000ee9b0000)
  from space 5312K, 99% used [0x00000000ee9b0000,0x00000000eeede728,0x00000000eeee0000)
  to   space 5312K, 0% used [0x00000000eeee0000,0x00000000eeee0000,0x00000000ef410000)
 ParOldGen       total 85760K, used 24011K [0x00000000c0000000, 0x00000000c53c0000, 0x00000000eaab0000)
  object space 85760K, 27% used [0x00000000c0000000,0x00000000c1772f10,0x00000000c53c0000)
 PSPermGen       total 21248K, used 6118K [0x00000000bae00000, 0x00000000bc2c0000, 0x00000000c0000000)
  object space 21248K, 28% used [0x00000000bae00000,0x00000000bb3f9a00,0x00000000bc2c0000)
}
Event: 7.541 GC heap before
{Heap before GC invocations=6 (full 0):
 PSYoungGen      total 69824K, used 69817K [0x00000000eaab0000, 0x00000000ef410000, 0x0000000000000000)
  eden space 64512K, 100% used [0x00000000eaab0000,0x00000000ee9b0000,0x00000000ee9b0000)
  from space 5312K, 99% used [0x00000000ee9b0000,0x00000000eeede728,0x00000000eeee0000)
  to   space 5312K, 0% used [0x00000000eeee0000,0x00000000eeee0000,0x00000000ef410000)
 ParOldGen       total 85760K, used 24011K [0x00000000c0000000, 0x00000000c53c0000, 0x00000000eaab0000)
  object space 85760K, 27% used [0x00000000c0000000,0x00000000c1772f10,0x00000000c53c0000)
 PSPermGen       total 21248K, used 6137K [0x00000000bae00000, 0x00000000bc2c0000, 0x00000000c0000000)
  object space 21248K, 28% used [0x00000000bae00000,0x00000000bb3fe740,0x00000000bc2c0000)
Event: 7.575 GC heap after
Heap after GC invocations=6 (full 0):
 PSYoungGen      total 55808K, used 5290K [0x00000000eaab0000, 0x00000000f4e70000, 0x0000000000000000)
  eden space 50496K, 0% used [0x00000000eaab0000,0x00000000eaab0000,0x00000000edc00000)
  from space 5312K, 99% used [0x00000000eeee0000,0x00000000ef40a908,0x00000000ef410000)
  to   space 19328K, 0% used [0x00000000edc00000,0x00000000edc00000,0x00000000eeee0000)
 ParOldGen       total 85760K, used 35188K [0x00000000c0000000, 0x00000000c53c0000, 0x00000000eaab0000)
  object space 85760K, 41% used [0x00000000c0000000,0x00000000c225d038,0x00000000c53c0000)
 PSPermGen       total 21248K, used 6137K [0x00000000bae00000, 0x00000000bc2c0000, 0x00000000c0000000)
  object space 21248K, 28% used [0x00000000bae00000,0x00000000bb3fe740,0x00000000bc2c0000)
}

Deoptimization events (10 events):
Event: 6.831 Thread 0x000000000a6e9800 Uncommon trap -58 fr.pc 0x00000000029a9ef4
Event: 6.833 Thread 0x000000000a6e9800 Uncommon trap -58 fr.pc 0x00000000029a9ef4
Event: 7.261 Thread 0x000000000a71f800 Uncommon trap -34 fr.pc 0x00000000029bc97c
Event: 7.262 Thread 0x000000000a71f800 Uncommon trap -34 fr.pc 0x00000000029bc97c
Event: 7.262 Thread 0x000000000a71f800 Uncommon trap -34 fr.pc 0x00000000029bc97c
Event: 7.262 Thread 0x000000000a71f800 Uncommon trap -34 fr.pc 0x00000000029bc97c
Event: 7.289 Thread 0x000000000a71f800 Uncommon trap -34 fr.pc 0x00000000028ef244
Event: 7.335 Thread 0x000000000a71e800 Uncommon trap -83 fr.pc 0x000000000297889c
Event: 7.335 Thread 0x000000000a71e800 Uncommon trap -83 fr.pc 0x0000000002928db4
Event: 7.354 Thread 0x000000000a6e8000 Uncommon trap -83 fr.pc 0x00000000028c9154

Internal exceptions (10 events):
Event: 3.923 Thread 0x000000000a6e8000 Threw 0x00000000eb366bb0 at C:\jdk7u2_64p\jdk7u4\hotspot\src\share\vm\prims\jvm.cpp:1166
Event: 4.101 Thread 0x0000000002670800 Implicit null exception at 0x000000000283797b to 0x000000000283803d
Event: 4.146 Thread 0x0000000002670800 Implicit null exception at 0x0000000002831820 to 0x0000000002832c7d
Event: 4.778 Thread 0x0000000002670800 Threw 0x00000000eb0e02d8 at C:\jdk7u2_64p\jdk7u4\hotspot\src\share\vm\prims\jvm.cpp:1166
Event: 4.960 Thread 0x000000000a71f800 Threw 0x00000000ec11ce58 at C:\jdk7u2_64p\jdk7u4\hotspot\src\share\vm\prims\jvm.cpp:1166
Event: 5.293 Thread 0x000000000a6e8000 Threw 0x00000000eacf84c0 at C:\jdk7u2_64p\jdk7u4\hotspot\src\share\vm\prims\jvm.cpp:1166
Event: 7.092 Thread 0x0000000002670800 Threw 0x00000000ebbd2600 at C:\jdk7u2_64p\jdk7u4\hotspot\src\share\vm\prims\jvm.cpp:1166
Event: 7.335 Thread 0x000000000a71e800 Implicit null exception at 0x00000000029786ef to 0x0000000002978889
Event: 7.335 Thread 0x000000000a71e800 Implicit null exception at 0x0000000002928c1b to 0x0000000002928da1
Event: 7.354 Thread 0x000000000a6e8000 Implicit null exception at 0x00000000028c901c to 0x00000000028c9141

Events (10 events):
Event: 7.602 Executing VM operation: RevokeBias
Event: 7.602 Executing VM operation: RevokeBias done
Event: 7.602 Executing VM operation: RevokeBias
Event: 7.602 Executing VM operation: RevokeBias done
Event: 7.602 Executing VM operation: RevokeBias
Event: 7.602 Executing VM operation: RevokeBias done
Event: 7.602 Executing VM operation: RevokeBias
Event: 7.602 Executing VM operation: RevokeBias done
Event: 7.602 Executing VM operation: BulkRevokeBias
Event: 7.603 Executing VM operation: BulkRevokeBias done


Dynamic libraries:
0x00000000309f0000 - 0x0000000030a23000 	C:\Program Files\Java\jdk1.7.0_04\bin\java.exe
0x0000000047790000 - 0x0000000047951000 	C:\WINDOWS\SYSTEM32\ntdll.dll
0x0000000045ef0000 - 0x0000000045f9d000 	C:\WINDOWS\system32\KERNEL32.DLL
0x0000000044000000 - 0x00000000441e8000 	C:\WINDOWS\system32\KERNELBASE.dll
0x0000000045d10000 - 0x0000000045db7000 	C:\WINDOWS\system32\ADVAPI32.dll
0x0000000045290000 - 0x000000004532d000 	C:\WINDOWS\system32\msvcrt.dll
0x0000000045330000 - 0x000000004538b000 	C:\WINDOWS\system32\sechost.dll
0x0000000045bf0000 - 0x0000000045d0c000 	C:\WINDOWS\system32\RPCRT4.dll
0x0000000044c50000 - 0x0000000044da6000 	C:\WINDOWS\system32\USER32.dll
0x0000000045fa0000 - 0x0000000046126000 	C:\WINDOWS\system32\GDI32.dll
0x0000000040910000 - 0x0000000040b84000 	C:\WINDOWS\WinSxS\amd64_microsoft.windows.common-controls_6595b64144ccf1df_6.0.10586.0_none_8c15ae12515e1c22\COMCTL32.dll
0x0000000045970000 - 0x0000000045bed000 	C:\WINDOWS\system32\combase.dll
0x0000000044240000 - 0x00000000442aa000 	C:\WINDOWS\system32\bcryptPrimitives.dll
0x0000000045de0000 - 0x0000000045e1b000 	C:\WINDOWS\system32\IMM32.DLL
0x00000000709f0000 - 0x0000000070ac1000 	C:\Program Files\Java\jdk1.7.0_04\jre\bin\msvcr100.dll
0x00000000702d0000 - 0x00000000709ea000 	C:\Program Files\Java\jdk1.7.0_04\jre\bin\server\jvm.dll
0x0000000043fd0000 - 0x0000000043ff3000 	C:\WINDOWS\system32\WINMM.dll
0x0000000043ba0000 - 0x0000000043bcc000 	C:\WINDOWS\system32\WINMMBASE.dll
0x00000000441f0000 - 0x0000000044233000 	C:\WINDOWS\system32\cfgmgr32.dll
0x0000000045500000 - 0x0000000045508000 	C:\WINDOWS\system32\PSAPI.DLL
0x0000000042390000 - 0x0000000042399000 	C:\WINDOWS\SYSTEM32\WSOCK32.dll
0x0000000044be0000 - 0x0000000044c4b000 	C:\WINDOWS\system32\WS2_32.dll
0x0000000071d10000 - 0x0000000071d1f000 	C:\Program Files\Java\jdk1.7.0_04\jre\bin\verify.dll
0x0000000071ac0000 - 0x0000000071ae8000 	C:\Program Files\Java\jdk1.7.0_04\jre\bin\java.dll
0x0000000071aa0000 - 0x0000000071ab5000 	C:\Program Files\Java\jdk1.7.0_04\jre\bin\zip.dll
0x00000000702b0000 - 0x00000000702c9000 	C:\Program Files\Java\jdk1.7.0_04\jre\bin\net.dll
0x0000000043450000 - 0x00000000434ac000 	C:\WINDOWS\system32\mswsock.dll
0x0000000070290000 - 0x00000000702a1000 	C:\Program Files\Java\jdk1.7.0_04\jre\bin\nio.dll

VM Arguments:
jvm_args: -Djava.awt.headless=true -Xmx1024M -Dfile.encoding=GBK -Duser.country=CN -Duser.language=zh -Duser.variant 
java_command: com.android.dx.command.Main --dex --force-jumbo --num-threads=4 --output G:\android\mobilesafe\app\build\intermediates\pre-dexed\debug\com.android.support-support-v4-23.3.0_3c3c0da04d4aed8b7808cb0892995a7e0e9d04e4.jar G:\android\mobilesafe\app\build\intermediates\exploded-aar\com.android.support\support-v4\23.3.0\jars\classes.jar
Launcher Type: SUN_STANDARD

Environment Variables:
JAVA_HOME=C:\Program Files\Java\jdk1.8.0_73
CLASSPATH=.;C:\Program Files\Java\jdk1.8.0_73\lib;C:\Program Files\Java\jdk1.8.0_73\lib\tools.jar
PATH=C:\ProgramData\Oracle\Java\javapath;D:\app\Administrator\product\12.1.0\dbhome_1\bin;D:\app\csx\product\12.1.0\dbhome_2\bin;D:\app\CSX\product\12.1.0\dbhome_1\bin;C:\WINDOWS\system32;C:\WINDOWS;C:\WINDOWS\System32\Wbem;C:\WINDOWS\System32\WindowsPowerShell\v1.0\;C:\Program Files (x86)\NVIDIA Corporation\PhysX\Common;C:\Program Files\Java\jdk1.8.0_73\bin;C:\Program Files\Java\jdk1.8.0_73\jre\bin;D:\mysql-5.6.27-winx64\bin;D:\apache-ant-1.9.6-bin\apache-ant-1.9.6\bin;C:\WINDOWS\system32;C:\WINDOWS;C:\WINDOWS\System32\Wbem;C:\WINDOWS\System32\WindowsPowerShell\v1.0\;D:\sdk\android-sdk_r24.3.4-windows\android-sdk-windows\platform-tools;C:\Program Files\Microsoft SQL Server\120\Tools\Binn\;C:\Program Files\VisualSVN Server\bin;C:\Program Files\TortoiseSVN\bin;D:\TortoiseGit\bin;G:\¿ª·¢°ü\android-ndk-r10e;U;ERPROFILE\.dnx\bin;C:\Program Files\Microsoft DNX\Dnvm\;H:\amp\php;H:\amp\apache\bin;C:\Program Files (x86)\Skype\Phone\;D:\Git\bin;D:\eclipse-che-4.0.0-RC13\tools\jre\bin;C:\Program Files\Docker Toolbox;D:\rationalrose\Common;D:\apache-maven-3.2.1\bin;D:\UltraEdit-32
USERNAME=Administrator
OS=Windows_NT
PROCESSOR_IDENTIFIER=Intel64 Family 6 Model 58 Stepping 9, GenuineIntel



---------------  S Y S T E M  ---------------

OS: Windows NT 6.2 Build 9200 

CPU:total 4 (2 cores per cpu, 2 threads per core) family 6 model 58 stepping 9, cmov, cx8, fxsr, mmx, sse, sse2, sse3, ssse3, sse4.1, sse4.2, popcnt, avx, ht, tsc, tscinvbit, tscinv

Memory: 4k page, physical 8232356k(1721016k free), swap 11378084k(4648k free)

vm_info: Java HotSpot(TM) 64-Bit Server VM (23.0-b21) for windows-amd64 JRE (1.7.0_04-b22), built on May  2 2012 23:28:26 by "java_re" with unknown MS VC++:1600

time: Sun May 01 22:31:56 2016
elapsed time: 7 seconds

